2017-12-19 10:12:41.018 [main] ERROR MongoseIniter - MongoError: failed to connect to server [127.0.0.1:27017] on first connect [MongoError: connect ECONNREFUSED 127.0.0.1:27017]
2017-12-19 10:12:41.022 [main] ERROR RedisIniter - error Error: Redis connection to 127.0.0.1:6379 failed - connect ECONNREFUSED 127.0.0.1:6379
2017-12-19 10:12:41.223 [main] ERROR RedisIniter - error Error: Redis connection to 127.0.0.1:6379 failed - connect ECONNREFUSED 127.0.0.1:6379
2017-12-19 10:12:41.569 [main] ERROR RedisIniter - error Error: Redis connection to 127.0.0.1:6379 failed - connect ECONNREFUSED 127.0.0.1:6379
2017-12-19 10:12:41.649 [main] ERROR MongoseIniter - [object Object]
2017-12-19 10:12:41.651 [main] ERROR RedisIniter - error Error: Redis connection to 127.0.0.1:6379 failed - connect ECONNREFUSED 127.0.0.1:6379
2017-12-19 10:12:41.652 [main] INFO server - 服务器端口：7082
2017-12-19 10:12:41.857 [main] ERROR RedisIniter - error Error: Redis connection to 127.0.0.1:6379 failed - connect ECONNREFUSED 127.0.0.1:6379
2017-12-19 10:12:42.154 [main] ERROR RedisIniter - error Error: Redis connection to 127.0.0.1:6379 failed - connect ECONNREFUSED 127.0.0.1:6379
2017-12-19 10:12:42.198 [main] ERROR RedisIniter - error Error: Redis connection to 127.0.0.1:6379 failed - connect ECONNREFUSED 127.0.0.1:6379
2017-12-19 10:12:42.783 [main] ERROR RedisIniter - error Error: Redis connection to 127.0.0.1:6379 failed - connect ECONNREFUSED 127.0.0.1:6379
2017-12-19 10:12:43.142 [main] ERROR RedisIniter - error Error: Redis connection to 127.0.0.1:6379 failed - connect ECONNREFUSED 127.0.0.1:6379
2017-12-19 10:12:43.771 [main] ERROR RedisIniter - error Error: Redis connection to 127.0.0.1:6379 failed - connect ECONNREFUSED 127.0.0.1:6379
2017-12-19 10:12:45.841 [main] INFO RedisIniter - connect
2017-12-19 10:12:45.850 [main] INFO MongoseIniter - MongoDB open:deliverwater
2017-12-19 10:12:45.851 [main] INFO RedisIniter - Ready
2017-12-19 10:12:46.486 [main] INFO RedisIniter - connect
2017-12-19 10:12:46.488 [main] INFO server - 服务器端口：7082
2017-12-19 10:12:46.492 [main] INFO MongoseIniter - MongoDB open:deliverwater
2017-12-19 10:12:46.493 [main] INFO RedisIniter - Ready
2017-12-19 10:12:17.550 [main] INFO ControllerHb - register hb server Api Call
2017-12-19 10:12:08.042 [main] INFO RedisIniter - connect
2017-12-19 10:12:08.046 [main] ERROR server - ReferenceError: DB_NUMBER is not defined
2017-12-19 10:12:08.046 [main] ERROR server - ReferenceError: DB_NUMBER is not defined
    at RedisClient.<anonymous> (/Users/jsen/Documents/GitProjects/POJ/DeliverWater/Server/DeliverWater/app/db/redis.init.js:46:21)
    at RedisClient.emit (events.js:159:13)
    at RedisClient.on_connect (/Users/jsen/Documents/GitProjects/POJ/DeliverWater/Server/DeliverWater/node_modules/_redis@2.8.0@redis/index.js:422:10)
    at Socket.<anonymous> (/Users/jsen/Documents/GitProjects/POJ/DeliverWater/Server/DeliverWater/node_modules/_redis@2.8.0@redis/index.js:268:14)
    at Object.onceWrapper (events.js:254:19)
    at Socket.emit (events.js:164:20)
    at TCPConnectWrap.afterConnect [as oncomplete] (net.js:1182:10)
2017-12-19 10:12:08.054 [main] INFO MongoseIniter - MongoDB open:deliverwater
2017-12-19 10:12:08.696 [main] INFO RedisIniter - connect
2017-12-19 10:12:08.696 [main] ERROR server - Error: DB_NUMBER is not defined
2017-12-19 10:12:08.697 [main] ERROR server - ReferenceError: DB_NUMBER is not defined
    at RedisClient.<anonymous> (/Users/jsen/Documents/GitProjects/POJ/DeliverWater/Server/DeliverWater/app/db/redis.init.js:46:21)
    at RedisClient.emit (events.js:159:13)
    at RedisClient.on_connect (/Users/jsen/Documents/GitProjects/POJ/DeliverWater/Server/DeliverWater/node_modules/_redis@2.8.0@redis/index.js:422:10)
    at Socket.<anonymous> (/Users/jsen/Documents/GitProjects/POJ/DeliverWater/Server/DeliverWater/node_modules/_redis@2.8.0@redis/index.js:268:14)
    at Object.onceWrapper (events.js:254:19)
    at Socket.emit (events.js:164:20)
    at TCPConnectWrap.afterConnect [as oncomplete] (net.js:1182:10)
2017-12-19 10:12:08.699 [main] INFO server - 服务器端口：7082
2017-12-19 10:12:08.704 [main] INFO MongoseIniter - MongoDB open:deliverwater
2017-12-19 10:12:33.397 [main] INFO RedisIniter - connect
2017-12-19 10:12:33.406 [main] INFO MongoseIniter - MongoDB open:deliverwater
2017-12-19 10:12:33.408 [main] INFO RedisIniter - Ready
2017-12-19 10:12:34.090 [main] INFO RedisIniter - connect
2017-12-19 10:12:34.093 [main] INFO server - 服务器端口：7082
2017-12-19 10:12:34.099 [main] INFO MongoseIniter - MongoDB open:deliverwater
2017-12-19 10:12:34.100 [main] INFO RedisIniter - Ready
2017-12-19 10:12:45.332 [main] INFO ControllerHb - register hb server Api Call
2017-12-19 10:12:21.712 [main] INFO RedisIniter - connect
2017-12-19 10:12:21.722 [main] INFO MongoseIniter - MongoDB open:deliverwater
2017-12-19 10:12:21.724 [main] INFO RedisIniter - Ready
2017-12-19 10:12:22.413 [main] INFO RedisIniter - connect
2017-12-19 10:12:22.416 [main] INFO server - 服务器端口：7082
2017-12-19 10:12:22.422 [main] INFO MongoseIniter - MongoDB open:deliverwater
2017-12-19 10:12:22.423 [main] INFO RedisIniter - Ready
2017-12-19 10:12:26.402 [main] INFO ControllerHb - register hb server Api Call
2017-12-19 10:12:31.466 [main] INFO ControllerHb - register hb server Api Call
2017-12-19 10:12:29.137 [main] ERROR RedisIniter - error Error: Redis connection to 127.0.0.1:6379 failed - connect ECONNREFUSED 127.0.0.1:6379
2017-12-19 10:12:29.137 [main] ERROR RedisIniter - error Error: Redis connection to 127.0.0.1:6379 failed - connect ECONNREFUSED 127.0.0.1:6379
2017-12-19 10:12:29.484 [main] ERROR RedisIniter - error Error: Redis connection to 127.0.0.1:6379 failed - connect ECONNREFUSED 127.0.0.1:6379
2017-12-19 10:12:29.483 [main] ERROR RedisIniter - error Error: Redis connection to 127.0.0.1:6379 failed - connect ECONNREFUSED 127.0.0.1:6379
2017-12-19 10:12:30.064 [main] ERROR RedisIniter - error Error: Redis connection to 127.0.0.1:6379 failed - connect ECONNREFUSED 127.0.0.1:6379
2017-12-19 10:12:30.064 [main] ERROR RedisIniter - error Error: Redis connection to 127.0.0.1:6379 failed - connect ECONNREFUSED 127.0.0.1:6379
2017-12-19 10:12:31.051 [main] ERROR RedisIniter - error Error: Redis connection to 127.0.0.1:6379 failed - connect ECONNREFUSED 127.0.0.1:6379
2017-12-19 10:12:31.051 [main] ERROR RedisIniter - error Error: Redis connection to 127.0.0.1:6379 failed - connect ECONNREFUSED 127.0.0.1:6379
2017-12-19 10:12:32.722 [main] ERROR RedisIniter - error Error: Redis connection to 127.0.0.1:6379 failed - connect ECONNREFUSED 127.0.0.1:6379
2017-12-19 10:12:32.727 [main] ERROR RedisIniter - error Error: Redis connection to 127.0.0.1:6379 failed - connect ECONNREFUSED 127.0.0.1:6379
2017-12-19 10:12:35.569 [main] ERROR RedisIniter - error Error: Redis connection to 127.0.0.1:6379 failed - connect ECONNREFUSED 127.0.0.1:6379
2017-12-19 10:12:35.574 [main] ERROR RedisIniter - error Error: Redis connection to 127.0.0.1:6379 failed - connect ECONNREFUSED 127.0.0.1:6379
2017-12-19 10:12:40.405 [main] ERROR RedisIniter - error Error: Redis connection to 127.0.0.1:6379 failed - connect ECONNREFUSED 127.0.0.1:6379
2017-12-19 10:12:40.405 [main] ERROR RedisIniter - error Error: Redis connection to 127.0.0.1:6379 failed - connect ECONNREFUSED 127.0.0.1:6379
2017-12-19 10:12:48.619 [main] INFO RedisIniter - connect
2017-12-19 10:12:48.621 [main] INFO RedisIniter - connect
2017-12-19 10:12:48.621 [main] INFO RedisIniter - Ready
2017-12-19 10:12:48.623 [main] INFO RedisIniter - Ready
2017-12-19 10:12:31.241 [main] INFO RedisIniter - connect
2017-12-19 10:12:31.250 [main] INFO MongoseIniter - MongoDB open:deliverwater
2017-12-19 10:12:31.252 [main] INFO RedisIniter - Ready
2017-12-19 10:12:31.906 [main] INFO RedisIniter - connect
2017-12-19 10:12:31.908 [main] INFO server - 服务器端口：7082
2017-12-19 10:12:31.914 [main] INFO MongoseIniter - MongoDB open:deliverwater
2017-12-19 10:12:31.916 [main] INFO RedisIniter - Ready
2017-12-19 10:12:36.562 [main] INFO ControllerHb - register hb server Api Call
2017-12-19 10:12:59.439 [main] INFO RedisIniter - connect
2017-12-19 10:12:59.448 [main] INFO MongoseIniter - MongoDB open:deliverwater
2017-12-19 10:12:59.449 [main] INFO RedisIniter - Ready
2017-12-19 10:12:00.166 [main] INFO RedisIniter - connect
2017-12-19 10:12:00.169 [main] INFO server - 服务器端口：7082
2017-12-19 10:12:00.175 [main] INFO MongoseIniter - MongoDB open:deliverwater
2017-12-19 10:12:00.176 [main] INFO RedisIniter - Ready
2017-12-19 10:12:05.233 [main] INFO ControllerHb - register hb server Api Call
2017-12-19 10:12:49.686 [main] INFO RedisIniter - connect
2017-12-19 10:12:49.695 [main] INFO MongoseIniter - MongoDB open:deliverwater
2017-12-19 10:12:49.696 [main] INFO RedisIniter - Ready
2017-12-19 10:12:50.369 [main] INFO RedisIniter - connect
2017-12-19 10:12:50.372 [main] INFO server - 服务器端口：7082
2017-12-19 10:12:50.378 [main] INFO MongoseIniter - MongoDB open:deliverwater
2017-12-19 10:12:50.379 [main] INFO RedisIniter - Ready
2017-12-19 11:12:01.778 [main] INFO ControllerHb - register hb server Api Call
2017-12-19 11:12:01.059 [main] INFO RedisIniter - connect
2017-12-19 11:12:01.069 [main] INFO MongoseIniter - MongoDB open:deliverwater
2017-12-19 11:12:01.071 [main] INFO RedisIniter - Ready
2017-12-19 11:12:01.780 [main] INFO RedisIniter - connect
2017-12-19 11:12:01.783 [main] INFO server - 服务器端口：7082
2017-12-19 11:12:01.788 [main] INFO MongoseIniter - MongoDB open:deliverwater
2017-12-19 11:12:01.789 [main] INFO RedisIniter - Ready
2017-12-19 11:12:06.970 [main] INFO ControllerHb - register hb server Api Call
2017-12-19 11:12:54.280 [main] INFO RedisIniter - connect
2017-12-19 11:12:54.291 [main] INFO MongoseIniter - MongoDB open:deliverwater
2017-12-19 11:12:54.292 [main] INFO RedisIniter - Ready
2017-12-19 11:12:54.977 [main] INFO RedisIniter - connect
2017-12-19 11:12:54.980 [main] INFO server - 服务器端口：7082
2017-12-19 11:12:54.985 [main] INFO MongoseIniter - MongoDB open:deliverwater
2017-12-19 11:12:54.987 [main] INFO RedisIniter - Ready
2017-12-19 11:12:59.156 [main] INFO ControllerHb - register hb server Api Call
2017-12-19 11:12:15.578 [main] ERROR server - Error: Redis connection to 127.0.0.1:6379 failed - connect ECONNREFUSED 127.0.0.1:6379
2017-12-19 11:12:15.579 [main] ERROR server - Error: Redis connection to 127.0.0.1:6379 failed - connect ECONNREFUSED 127.0.0.1:6379
    at Object._errnoException (util.js:1031:13)
    at _exceptionWithHostPort (util.js:1052:20)
    at TCPConnectWrap.afterConnect [as oncomplete] (net.js:1195:14)
2017-12-19 11:12:15.580 [main] ERROR RedisIniter - error Error: Redis connection to 127.0.0.1:6379 failed - connect ECONNREFUSED 127.0.0.1:6379
2017-12-19 11:12:15.578 [main] ERROR server - [object Object]
2017-12-19 11:12:15.579 [main] ERROR server - Error: Redis connection to 127.0.0.1:6379 failed - connect ECONNREFUSED 127.0.0.1:6379
    at Object._errnoException (util.js:1031:13)
    at _exceptionWithHostPort (util.js:1052:20)
    at TCPConnectWrap.afterConnect [as oncomplete] (net.js:1195:14)
2017-12-19 11:12:15.579 [main] ERROR RedisIniter - error Error: Redis connection to 127.0.0.1:6379 failed - connect ECONNREFUSED 127.0.0.1:6379
2017-12-19 11:12:15.924 [main] ERROR RedisIniter - error Error: Redis connection to 127.0.0.1:6379 failed - connect ECONNREFUSED 127.0.0.1:6379
2017-12-19 11:12:15.924 [main] ERROR server - [object Object]
2017-12-19 11:12:15.925 [main] ERROR server - Error: Redis connection to 127.0.0.1:6379 failed - connect ECONNREFUSED 127.0.0.1:6379
    at Object._errnoException (util.js:1031:13)
    at _exceptionWithHostPort (util.js:1052:20)
    at TCPConnectWrap.afterConnect [as oncomplete] (net.js:1195:14)
2017-12-19 11:12:15.927 [main] ERROR RedisIniter - error Error: Redis connection to 127.0.0.1:6379 failed - connect ECONNREFUSED 127.0.0.1:6379
2017-12-19 11:12:15.927 [main] ERROR server - Error: Redis connection to 127.0.0.1:6379 failed - connect ECONNREFUSED 127.0.0.1:6379
2017-12-19 11:12:15.927 [main] ERROR server - Error: Redis connection to 127.0.0.1:6379 failed - connect ECONNREFUSED 127.0.0.1:6379
    at Object._errnoException (util.js:1031:13)
    at _exceptionWithHostPort (util.js:1052:20)
    at TCPConnectWrap.afterConnect [as oncomplete] (net.js:1195:14)
2017-12-19 11:12:16.506 [main] ERROR RedisIniter - error Error: Redis connection to 127.0.0.1:6379 failed - connect ECONNREFUSED 127.0.0.1:6379
2017-12-19 11:12:16.506 [main] ERROR RedisIniter - error Error: Redis connection to 127.0.0.1:6379 failed - connect ECONNREFUSED 127.0.0.1:6379
2017-12-19 11:12:16.507 [main] ERROR server - [object Object]
2017-12-19 11:12:16.507 [main] ERROR server - Error: Redis connection to 127.0.0.1:6379 failed - connect ECONNREFUSED 127.0.0.1:6379
    at Object._errnoException (util.js:1031:13)
    at _exceptionWithHostPort (util.js:1052:20)
    at TCPConnectWrap.afterConnect [as oncomplete] (net.js:1195:14)
2017-12-19 11:12:16.508 [main] ERROR server - Error: Redis connection to 127.0.0.1:6379 failed - connect ECONNREFUSED 127.0.0.1:6379
2017-12-19 11:12:16.509 [main] ERROR server - Error: Redis connection to 127.0.0.1:6379 failed - connect ECONNREFUSED 127.0.0.1:6379
    at Object._errnoException (util.js:1031:13)
    at _exceptionWithHostPort (util.js:1052:20)
    at TCPConnectWrap.afterConnect [as oncomplete] (net.js:1195:14)
2017-12-19 11:12:17.492 [main] ERROR RedisIniter - error Error: Redis connection to 127.0.0.1:6379 failed - connect ECONNREFUSED 127.0.0.1:6379
2017-12-19 11:12:17.492 [main] ERROR RedisIniter - error Error: Redis connection to 127.0.0.1:6379 failed - connect ECONNREFUSED 127.0.0.1:6379
2017-12-19 11:12:17.492 [main] ERROR server - [object Object]
2017-12-19 11:12:17.493 [main] ERROR server - Error: Redis connection to 127.0.0.1:6379 failed - connect ECONNREFUSED 127.0.0.1:6379
    at Object._errnoException (util.js:1031:13)
    at _exceptionWithHostPort (util.js:1052:20)
    at TCPConnectWrap.afterConnect [as oncomplete] (net.js:1195:14)
2017-12-19 11:12:17.494 [main] ERROR server - Error: Redis connection to 127.0.0.1:6379 failed - connect ECONNREFUSED 127.0.0.1:6379
2017-12-19 11:12:17.494 [main] ERROR server - Error: Redis connection to 127.0.0.1:6379 failed - connect ECONNREFUSED 127.0.0.1:6379
    at Object._errnoException (util.js:1031:13)
    at _exceptionWithHostPort (util.js:1052:20)
    at TCPConnectWrap.afterConnect [as oncomplete] (net.js:1195:14)
2017-12-19 11:12:19.165 [main] ERROR RedisIniter - error Error: Redis connection to 127.0.0.1:6379 failed - connect ECONNREFUSED 127.0.0.1:6379
2017-12-19 11:12:19.165 [main] ERROR RedisIniter - error Error: Redis connection to 127.0.0.1:6379 failed - connect ECONNREFUSED 127.0.0.1:6379
2017-12-19 11:12:19.165 [main] ERROR server - [object Object]
2017-12-19 11:12:19.165 [main] ERROR server - Error: Redis connection to 127.0.0.1:6379 failed - connect ECONNREFUSED 127.0.0.1:6379
    at Object._errnoException (util.js:1031:13)
    at _exceptionWithHostPort (util.js:1052:20)
    at TCPConnectWrap.afterConnect [as oncomplete] (net.js:1195:14)
2017-12-19 11:12:19.167 [main] ERROR server - Error: Redis connection to 127.0.0.1:6379 failed - connect ECONNREFUSED 127.0.0.1:6379
2017-12-19 11:12:19.167 [main] ERROR server - Error: Redis connection to 127.0.0.1:6379 failed - connect ECONNREFUSED 127.0.0.1:6379
    at Object._errnoException (util.js:1031:13)
    at _exceptionWithHostPort (util.js:1052:20)
    at TCPConnectWrap.afterConnect [as oncomplete] (net.js:1195:14)
2017-12-19 11:12:22.012 [main] ERROR RedisIniter - error Error: Redis connection to 127.0.0.1:6379 failed - connect ECONNREFUSED 127.0.0.1:6379
2017-12-19 11:12:22.013 [main] ERROR server - Error: Redis connection to 127.0.0.1:6379 failed - connect ECONNREFUSED 127.0.0.1:6379
2017-12-19 11:12:22.013 [main] ERROR server - Error: Redis connection to 127.0.0.1:6379 failed - connect ECONNREFUSED 127.0.0.1:6379
    at Object._errnoException (util.js:1031:13)
    at _exceptionWithHostPort (util.js:1052:20)
    at TCPConnectWrap.afterConnect [as oncomplete] (net.js:1195:14)
2017-12-19 11:12:22.012 [main] ERROR RedisIniter - error Error: Redis connection to 127.0.0.1:6379 failed - connect ECONNREFUSED 127.0.0.1:6379
2017-12-19 11:12:22.012 [main] ERROR server - [object Object]
2017-12-19 11:12:22.012 [main] ERROR server - Error: Redis connection to 127.0.0.1:6379 failed - connect ECONNREFUSED 127.0.0.1:6379
    at Object._errnoException (util.js:1031:13)
    at _exceptionWithHostPort (util.js:1052:20)
    at TCPConnectWrap.afterConnect [as oncomplete] (net.js:1195:14)
2017-12-19 11:12:26.845 [main] INFO RedisIniter - connect
2017-12-19 11:12:26.846 [main] INFO RedisIniter - connect
2017-12-19 11:12:26.846 [main] INFO RedisIniter - Ready
2017-12-19 11:12:26.848 [main] INFO RedisIniter - Ready
2017-12-19 11:12:34.166 [main] INFO RedisIniter - connect
2017-12-19 11:12:34.175 [main] INFO MongoseIniter - MongoDB open:deliverwater
2017-12-19 11:12:34.176 [main] INFO RedisIniter - Ready
2017-12-19 11:12:34.853 [main] INFO RedisIniter - connect
2017-12-19 11:12:34.855 [main] INFO server - 服务器端口：7082
2017-12-19 11:12:34.860 [main] INFO MongoseIniter - MongoDB open:deliverwater
2017-12-19 11:12:34.862 [main] INFO RedisIniter - Ready
2017-12-19 11:12:38.745 [main] INFO ControllerHb - register hb server Api Call
2017-12-19 11:12:25.451 [main] INFO RedisIniter - connect
2017-12-19 11:12:25.461 [main] INFO MongoseIniter - MongoDB open:deliverwater
2017-12-19 11:12:25.462 [main] INFO RedisIniter - Ready
2017-12-19 11:12:26.104 [main] INFO RedisIniter - connect
2017-12-19 11:12:26.108 [main] INFO server - 服务器端口：7082
2017-12-19 11:12:26.113 [main] INFO MongoseIniter - MongoDB open:deliverwater
2017-12-19 11:12:26.113 [main] INFO RedisIniter - Ready
2017-12-19 11:12:30.679 [main] INFO ControllerHb - register hb server Api Call
2017-12-19 11:12:53.719 [main] INFO RedisIniter - connect
2017-12-19 11:12:53.728 [main] INFO MongoseIniter - MongoDB open:deliverwater
2017-12-19 11:12:53.729 [main] INFO RedisIniter - Ready
2017-12-19 11:12:54.402 [main] INFO RedisIniter - connect
2017-12-19 11:12:54.404 [main] INFO server - 服务器端口：7082
2017-12-19 11:12:54.409 [main] INFO MongoseIniter - MongoDB open:deliverwater
2017-12-19 11:12:54.410 [main] INFO RedisIniter - Ready
2017-12-19 11:12:57.092 [main] INFO ControllerHb - register hb server Api Call
2017-12-19 11:12:07.988 [main] INFO RedisIniter - connect
2017-12-19 11:12:07.998 [main] INFO MongoseIniter - MongoDB open:deliverwater
2017-12-19 11:12:07.999 [main] INFO RedisIniter - Ready
2017-12-19 11:12:08.696 [main] INFO RedisIniter - connect
2017-12-19 11:12:08.699 [main] INFO server - 服务器端口：7082
2017-12-19 11:12:08.704 [main] INFO MongoseIniter - MongoDB open:deliverwater
2017-12-19 11:12:08.705 [main] INFO RedisIniter - Ready
2017-12-19 11:12:10.384 [main] INFO ControllerHb - register hb server Api Call
2017-12-19 11:12:35.941 [main] INFO RedisIniter - connect
2017-12-19 11:12:35.950 [main] INFO MongoseIniter - MongoDB open:deliverwater
2017-12-19 11:12:35.952 [main] INFO RedisIniter - Ready
2017-12-19 11:12:36.659 [main] INFO RedisIniter - connect
2017-12-19 11:12:36.662 [main] INFO server - 服务器端口：7082
2017-12-19 11:12:36.667 [main] INFO MongoseIniter - MongoDB open:deliverwater
2017-12-19 11:12:36.668 [main] INFO RedisIniter - Ready
2017-12-19 11:12:38.555 [main] INFO ControllerHb - register hb server Api Call
2017-12-19 11:12:29.491 [main] INFO RedisIniter - connect
2017-12-19 11:12:29.501 [main] INFO MongoseIniter - MongoDB open:deliverwater
2017-12-19 11:12:29.504 [main] INFO RedisIniter - Ready
2017-12-19 11:12:30.031 [main] INFO server - 服务器端口：7082
2017-12-19 11:12:30.037 [main] INFO RedisIniter - connect
2017-12-19 11:12:30.044 [main] INFO MongoseIniter - MongoDB open:deliverwater
2017-12-19 11:12:30.046 [main] INFO RedisIniter - Ready
2017-12-19 11:12:37.626 [main] INFO ControllerHb - register hb server Api Call
2017-12-19 11:12:56.607 [main] INFO RedisIniter - connect
2017-12-19 11:12:56.618 [main] INFO MongoseIniter - MongoDB open:deliverwater
2017-12-19 11:12:56.621 [main] INFO RedisIniter - Ready
2017-12-19 11:12:57.175 [main] INFO server - 服务器端口：7082
2017-12-19 11:12:57.184 [main] INFO RedisIniter - connect
2017-12-19 11:12:57.191 [main] INFO MongoseIniter - MongoDB open:deliverwater
2017-12-19 11:12:57.193 [main] INFO RedisIniter - Ready
2017-12-19 11:12:01.133 [main] INFO ControllerHb - register hb server Api Call
2017-12-19 11:12:25.424 [main] INFO RedisIniter - connect
2017-12-19 11:12:25.433 [main] INFO MongoseIniter - MongoDB open:deliverwater
2017-12-19 11:12:25.435 [main] INFO RedisIniter - Ready
2017-12-19 11:12:25.960 [main] INFO server - 服务器端口：7082
2017-12-19 11:12:25.966 [main] INFO RedisIniter - connect
2017-12-19 11:12:25.971 [main] INFO MongoseIniter - MongoDB open:deliverwater
2017-12-19 11:12:25.973 [main] INFO RedisIniter - Ready
2017-12-19 11:12:31.980 [main] INFO ControllerHb - register hb server Api Call
2017-12-19 11:12:33.010 [main] INFO RedisIniter - connect
2017-12-19 11:12:33.018 [main] INFO MongoseIniter - MongoDB open:deliverwater
2017-12-19 11:12:33.020 [main] INFO RedisIniter - Ready
2017-12-19 11:12:33.560 [main] INFO server - 服务器端口：7082
2017-12-19 11:12:33.566 [main] INFO RedisIniter - connect
2017-12-19 11:12:33.573 [main] INFO MongoseIniter - MongoDB open:deliverwater
2017-12-19 11:12:33.575 [main] INFO RedisIniter - Ready
2017-12-19 11:12:42.307 [main] INFO ControllerHb - register hb server Api Call
2017-12-19 11:12:06.504 [main] INFO RedisIniter - connect
2017-12-19 11:12:06.514 [main] INFO MongoseIniter - MongoDB open:deliverwater
2017-12-19 11:12:06.517 [main] INFO RedisIniter - Ready
2017-12-19 11:12:06.518 [main] INFO RedisIniter - Ready
2017-12-19 11:12:07.052 [main] INFO server - 服务器端口：7082
2017-12-19 11:12:07.059 [main] INFO RedisIniter - connect
2017-12-19 11:12:07.066 [main] INFO MongoseIniter - MongoDB open:deliverwater
2017-12-19 11:12:07.068 [main] INFO RedisIniter - Ready
2017-12-19 11:12:07.068 [main] INFO RedisIniter - Ready
2017-12-19 11:12:09.918 [main] INFO ControllerHb - register hb server Api Call
2017-12-19 11:12:05.343 [main] INFO RedisIniter - connect
2017-12-19 11:12:05.352 [main] INFO MongoseIniter - MongoDB open:deliverwater
2017-12-19 11:12:05.354 [main] INFO RedisIniter - Ready
2017-12-19 11:12:05.355 [main] INFO RedisIniter - Ready
2017-12-19 11:12:05.882 [main] INFO server - 服务器端口：7082
2017-12-19 11:12:05.890 [main] INFO RedisIniter - connect
2017-12-19 11:12:05.897 [main] INFO MongoseIniter - MongoDB open:deliverwater
2017-12-19 11:12:05.899 [main] INFO RedisIniter - Ready
2017-12-19 11:12:05.899 [main] INFO RedisIniter - Ready
2017-12-19 11:12:10.515 [main] INFO ControllerHb - register hb server Api Call
2017-12-19 11:12:48.813 [main] INFO RedisIniter - connect
2017-12-19 11:12:48.821 [main] INFO MongoseIniter - MongoDB open:deliverwater
2017-12-19 11:12:48.824 [main] INFO RedisIniter - Ready
2017-12-19 11:12:48.824 [main] INFO RedisIniter - Ready
2017-12-19 11:12:49.353 [main] INFO server - 服务器端口：7082
2017-12-19 11:12:49.359 [main] INFO RedisIniter - connect
2017-12-19 11:12:49.365 [main] INFO MongoseIniter - MongoDB open:deliverwater
2017-12-19 11:12:49.367 [main] INFO RedisIniter - Ready
2017-12-19 11:12:49.368 [main] INFO RedisIniter - Ready
2017-12-19 11:12:54.048 [main] INFO ControllerHb - register hb server Api Call
2017-12-19 11:12:28.533 [main] INFO RedisIniter - connect
2017-12-19 11:12:28.542 [main] INFO MongoseIniter - MongoDB open:deliverwater
2017-12-19 11:12:28.545 [main] INFO RedisIniter - Ready
2017-12-19 11:12:28.546 [main] INFO RedisIniter - Ready
2017-12-19 11:12:29.079 [main] INFO server - 服务器端口：7082
2017-12-19 11:12:29.087 [main] INFO RedisIniter - connect
2017-12-19 11:12:29.094 [main] INFO MongoseIniter - MongoDB open:deliverwater
2017-12-19 11:12:29.097 [main] INFO RedisIniter - Ready
2017-12-19 11:12:29.097 [main] INFO RedisIniter - Ready
2017-12-19 11:12:33.815 [main] INFO ControllerHb - register hb server Api Call
2017-12-19 11:12:51.350 [main] INFO RedisIniter - connect
2017-12-19 11:12:51.360 [main] INFO MongoseIniter - MongoDB open:deliverwater
2017-12-19 11:12:51.362 [main] INFO RedisIniter - Ready
2017-12-19 11:12:51.911 [main] INFO server - 服务器端口：7082
2017-12-19 11:12:51.918 [main] INFO RedisIniter - connect
2017-12-19 11:12:51.925 [main] INFO MongoseIniter - MongoDB open:deliverwater
2017-12-19 11:12:51.927 [main] INFO RedisIniter - Ready
2017-12-19 11:12:54.571 [main] INFO ControllerHb - register hb server Api Call
2017-12-19 11:12:05.945 [main] INFO RedisIniter - connect
2017-12-19 11:12:05.955 [main] INFO MongoseIniter - MongoDB open:deliverwater
2017-12-19 11:12:05.958 [main] INFO RedisIniter - Ready
2017-12-19 11:12:06.503 [main] INFO server - 服务器端口：7082
2017-12-19 11:12:06.511 [main] INFO RedisIniter - connect
2017-12-19 11:12:06.517 [main] INFO MongoseIniter - MongoDB open:deliverwater
2017-12-19 11:12:06.520 [main] INFO RedisIniter - Ready
2017-12-19 11:12:08.922 [main] INFO ControllerHb - register hb server Api Call
2017-12-19 11:12:25.823 [main] INFO RedisIniter - connect
2017-12-19 11:12:25.833 [main] INFO MongoseIniter - MongoDB open:deliverwater
2017-12-19 11:12:25.835 [main] INFO RedisIniter - Ready
2017-12-19 11:12:26.351 [main] INFO server - 服务器端口：7082
2017-12-19 11:12:26.358 [main] INFO RedisIniter - connect
2017-12-19 11:12:26.366 [main] INFO MongoseIniter - MongoDB open:deliverwater
2017-12-19 11:12:26.368 [main] INFO RedisIniter - Ready
2017-12-19 11:12:29.812 [main] INFO ControllerHb - register hb server Api Call
2017-12-19 11:12:37.602 [main] INFO RedisIniter - connect
2017-12-19 11:12:37.611 [main] INFO MongoseIniter - MongoDB open:deliverwater
2017-12-19 11:12:37.614 [main] INFO RedisIniter - Ready
2017-12-19 11:12:38.143 [main] INFO server - 服务器端口：7082
2017-12-19 11:12:38.150 [main] INFO RedisIniter - connect
2017-12-19 11:12:38.157 [main] INFO MongoseIniter - MongoDB open:deliverwater
2017-12-19 11:12:38.159 [main] INFO RedisIniter - Ready
2017-12-19 11:12:40.544 [main] INFO ControllerHb - register hb server Api Call
2017-12-19 11:12:41.586 [main] INFO RedisIniter - connecgfert
2017-12-19 11:12:41.585 [main] INFO RedisIniter - connecgfert
2017-12-19 11:12:46.668 [main] INFO ControllerHb - register hb server Api Call
2017-12-19 11:12:47.735 [main] INFO RedisIniter - connecgfert
2017-12-19 11:12:47.735 [main] INFO RedisIniter - connecgfert
2017-12-19 11:12:08.741 [main] INFO RedisIniter - connect
2017-12-19 11:12:08.750 [main] INFO MongoseIniter - MongoDB open:deliverwater
2017-12-19 11:12:08.753 [main] INFO RedisIniter - Ready
2017-12-19 11:12:09.283 [main] INFO server - 服务器端口：7082
2017-12-19 11:12:09.289 [main] INFO RedisIniter - connect
2017-12-19 11:12:09.295 [main] INFO MongoseIniter - MongoDB open:deliverwater
2017-12-19 11:12:09.298 [main] INFO RedisIniter - Ready
2017-12-19 11:12:12.888 [main] INFO ControllerHb - register hb server Api Call
2017-12-19 11:12:21.690 [main] INFO ControllerHb - register hb server Api Call
2017-12-19 11:12:21.358 [main] INFO RedisIniter - connect
2017-12-19 11:12:21.367 [main] INFO MongoseIniter - MongoDB open:deliverwater
2017-12-19 11:12:21.370 [main] INFO RedisIniter - Ready
2017-12-19 11:12:21.890 [main] INFO server - 服务器端口：7082
2017-12-19 11:12:21.897 [main] INFO RedisIniter - connect
2017-12-19 11:12:21.903 [main] INFO MongoseIniter - MongoDB open:deliverwater
2017-12-19 11:12:21.906 [main] INFO RedisIniter - Ready
2017-12-19 11:12:26.056 [main] INFO ControllerHb - register hb server Api Call
2017-12-19 11:12:37.612 [main] INFO RedisIniter - connect
2017-12-19 11:12:37.621 [main] INFO MongoseIniter - MongoDB open:deliverwater
2017-12-19 11:12:37.623 [main] INFO RedisIniter - Ready
2017-12-19 11:12:38.154 [main] INFO server - 服务器端口：7082
2017-12-19 11:12:38.161 [main] INFO RedisIniter - connect
2017-12-19 11:12:38.168 [main] INFO MongoseIniter - MongoDB open:deliverwater
2017-12-19 11:12:38.171 [main] INFO RedisIniter - Ready
2017-12-19 11:12:40.652 [main] INFO ControllerHb - register hb server Api Call
2017-12-19 11:12:41.721 [main] INFO RedisIniter - connecgfert
2017-12-19 11:12:41.721 [main] INFO RedisIniter - connecgfert
2017-12-19 11:12:51.435 [main] INFO RedisIniter - connect
2017-12-19 11:12:51.444 [main] INFO MongoseIniter - MongoDB open:deliverwater
2017-12-19 11:12:51.447 [main] INFO RedisIniter - Ready
2017-12-19 11:12:51.985 [main] INFO server - 服务器端口：7082
2017-12-19 11:12:51.992 [main] INFO RedisIniter - connect
2017-12-19 11:12:51.999 [main] INFO MongoseIniter - MongoDB open:deliverwater
2017-12-19 11:12:52.001 [main] INFO RedisIniter - Ready
2017-12-19 11:12:54.970 [main] INFO ControllerHb - register hb server Api Call
2017-12-19 11:12:27.504 [main] INFO RedisIniter - connect
2017-12-19 11:12:27.513 [main] INFO MongoseIniter - MongoDB open:deliverwater
2017-12-19 11:12:27.516 [main] INFO RedisIniter - Ready
2017-12-19 11:12:28.054 [main] INFO server - 服务器端口：7082
2017-12-19 11:12:28.060 [main] INFO RedisIniter - connect
2017-12-19 11:12:28.066 [main] INFO MongoseIniter - MongoDB open:deliverwater
2017-12-19 11:12:28.068 [main] INFO RedisIniter - Ready
2017-12-19 11:12:30.141 [main] INFO ControllerHb - register hb server Api Call
2017-12-19 11:12:31.176 [main] INFO RedisIniter - connecgfert
2017-12-19 11:12:31.176 [main] INFO RedisIniter - connecgfert
2017-12-19 11:12:04.166 [main] INFO RedisIniter - connect
2017-12-19 11:12:04.176 [main] INFO MongoseIniter - MongoDB open:deliverwater
2017-12-19 11:12:04.179 [main] INFO RedisIniter - Ready
2017-12-19 11:12:04.725 [main] INFO server - 服务器端口：7082
2017-12-19 11:12:04.731 [main] INFO RedisIniter - connect
2017-12-19 11:12:04.738 [main] INFO MongoseIniter - MongoDB open:deliverwater
2017-12-19 11:12:04.740 [main] INFO RedisIniter - Ready
2017-12-19 11:12:07.395 [main] INFO ControllerHb - register hb server Api Call
2017-12-19 11:12:08.411 [main] INFO RedisIniter - connecgfert
2017-12-19 11:12:08.411 [main] INFO RedisIniter - connecgfert
2017-12-19 11:12:00.165 [main] INFO RedisIniter - connect
2017-12-19 11:12:00.175 [main] INFO MongoseIniter - MongoDB open:deliverwater
2017-12-19 11:12:00.177 [main] INFO RedisIniter - Ready
2017-12-19 11:12:00.708 [main] INFO server - 服务器端口：7082
2017-12-19 11:12:00.715 [main] INFO RedisIniter - connect
2017-12-19 11:12:00.722 [main] INFO MongoseIniter - MongoDB open:deliverwater
2017-12-19 11:12:00.725 [main] INFO RedisIniter - Ready
2017-12-19 11:12:02.554 [main] INFO ControllerHb - register hb server Api Call
2017-12-19 11:12:29.132 [main] INFO RedisIniter - connect
2017-12-19 11:12:29.140 [main] INFO MongoseIniter - MongoDB open:deliverwater
2017-12-19 11:12:29.143 [main] INFO RedisIniter - Ready
2017-12-19 11:12:29.662 [main] INFO server - 服务器端口：7082
2017-12-19 11:12:29.669 [main] INFO RedisIniter - connect
2017-12-19 11:12:29.676 [main] INFO MongoseIniter - MongoDB open:deliverwater
2017-12-19 11:12:29.679 [main] INFO RedisIniter - Ready
2017-12-19 11:12:32.261 [main] INFO ControllerHb - register hb server Api Call
2017-12-19 11:12:34.326 [main] INFO RedisIniter - connecgfert
2017-12-19 11:12:34.326 [main] INFO RedisIniter - connecgfert
2017-12-19 11:12:09.989 [main] INFO RedisIniter - connect
2017-12-19 11:12:09.998 [main] INFO MongoseIniter - MongoDB open:deliverwater
2017-12-19 11:12:10.002 [main] INFO RedisIniter - Ready
2017-12-19 11:12:10.528 [main] INFO server - 服务器端口：7082
2017-12-19 11:12:10.535 [main] INFO RedisIniter - connect
2017-12-19 11:12:10.541 [main] INFO MongoseIniter - MongoDB open:deliverwater
2017-12-19 11:12:10.543 [main] INFO RedisIniter - Ready
2017-12-19 11:12:15.978 [main] INFO ControllerHb - register hb server Api Call
2017-12-19 11:12:59.950 [main] INFO RedisIniter - connect
2017-12-19 11:12:59.959 [main] INFO MongoseIniter - MongoDB open:deliverwater
2017-12-19 11:12:59.961 [main] INFO RedisIniter - Ready
2017-12-19 11:12:00.535 [main] INFO server - 服务器端口：7082
2017-12-19 11:12:00.542 [main] INFO RedisIniter - connect
2017-12-19 11:12:00.549 [main] INFO MongoseIniter - MongoDB open:deliverwater
2017-12-19 11:12:00.551 [main] INFO RedisIniter - Ready
2017-12-19 11:12:03.516 [main] INFO ControllerHb - register hb server Api Call
2017-12-19 11:12:05.543 [main] INFO RedisIniter - connecgfert
2017-12-19 11:12:05.543 [main] INFO RedisIniter - connecgfert
2017-12-19 11:12:37.158 [main] INFO RedisIniter - connect
2017-12-19 11:12:37.168 [main] INFO MongoseIniter - MongoDB open:deliverwater
2017-12-19 11:12:37.171 [main] INFO RedisIniter - Ready
2017-12-19 11:12:37.694 [main] INFO server - 服务器端口：7082
2017-12-19 11:12:37.700 [main] INFO RedisIniter - connect
2017-12-19 11:12:37.706 [main] INFO MongoseIniter - MongoDB open:deliverwater
2017-12-19 11:12:37.708 [main] INFO RedisIniter - Ready
2017-12-19 11:12:40.942 [main] INFO ControllerHb - register hb server Api Call
2017-12-19 11:12:43.049 [main] INFO RedisIniter - connecgfert
2017-12-19 11:12:43.049 [main] INFO RedisIniter - connecgfert
2017-12-19 11:12:44.028 [main] INFO RedisIniter - connect
2017-12-19 11:12:44.037 [main] INFO MongoseIniter - MongoDB open:deliverwater
2017-12-19 11:12:44.039 [main] INFO RedisIniter - Ready
2017-12-19 11:12:44.647 [main] INFO server - 服务器端口：7082
2017-12-19 11:12:44.654 [main] INFO RedisIniter - connect
2017-12-19 11:12:44.660 [main] INFO MongoseIniter - MongoDB open:deliverwater
2017-12-19 11:12:44.663 [main] INFO RedisIniter - Ready
2017-12-19 11:12:47.784 [main] INFO ControllerHb - register hb server Api Call
2017-12-19 11:12:49.846 [main] INFO RedisIniter - connecgfert
2017-12-19 11:12:49.846 [main] INFO RedisIniter - connecgfert
2017-12-19 11:12:10.474 [main] INFO RedisIniter - connect
2017-12-19 11:12:10.483 [main] INFO MongoseIniter - MongoDB open:deliverwater
2017-12-19 11:12:10.486 [main] INFO RedisIniter - Ready
2017-12-19 11:12:11.088 [main] INFO server - 服务器端口：7082
2017-12-19 11:12:11.096 [main] INFO RedisIniter - connect
2017-12-19 11:12:11.102 [main] INFO MongoseIniter - MongoDB open:deliverwater
2017-12-19 11:12:11.105 [main] INFO RedisIniter - Ready
2017-12-19 11:12:13.223 [main] INFO ControllerHb - register hb server Api Call
2017-12-19 11:12:15.319 [main] INFO RedisIniter - connecgfert
2017-12-19 11:12:15.319 [main] INFO RedisIniter - connecgfert
2017-12-19 11:12:33.065 [main] INFO RedisIniter - connect
2017-12-19 11:12:33.074 [main] INFO MongoseIniter - MongoDB open:deliverwater
2017-12-19 11:12:33.078 [main] INFO RedisIniter - Ready
2017-12-19 11:12:33.685 [main] INFO server - 服务器端口：7082
2017-12-19 11:12:33.693 [main] INFO RedisIniter - connect
2017-12-19 11:12:33.699 [main] INFO MongoseIniter - MongoDB open:deliverwater
2017-12-19 11:12:33.701 [main] INFO RedisIniter - Ready
2017-12-19 11:12:37.861 [main] INFO ControllerHb - register hb server Api Call
2017-12-19 11:12:39.885 [main] INFO RedisIniter - connecgfert
2017-12-19 11:12:39.885 [main] INFO RedisIniter - connecgfert
2017-12-19 11:12:49.178 [main] INFO RedisIniter - connect
2017-12-19 11:12:49.189 [main] INFO MongoseIniter - MongoDB open:deliverwater
2017-12-19 11:12:49.192 [main] INFO RedisIniter - Ready
2017-12-19 11:12:49.794 [main] INFO server - 服务器端口：7082
2017-12-19 11:12:49.802 [main] INFO RedisIniter - connect
2017-12-19 11:12:49.808 [main] INFO MongoseIniter - MongoDB open:deliverwater
2017-12-19 11:12:49.810 [main] INFO RedisIniter - Ready
2017-12-19 11:12:51.644 [main] INFO ControllerHb - register hb server Api Call
2017-12-19 11:12:53.668 [main] INFO RedisIniter - connecgfert
2017-12-19 11:12:53.668 [main] INFO RedisIniter - connecgfert
2017-12-19 11:12:55.501 [main] INFO RedisIniter - connect
2017-12-19 11:12:55.511 [main] INFO MongoseIniter - MongoDB open:deliverwater
2017-12-19 11:12:55.515 [main] INFO RedisIniter - Ready
2017-12-19 11:12:56.112 [main] INFO server - 服务器端口：7082
2017-12-19 11:12:56.119 [main] INFO RedisIniter - connect
2017-12-19 11:12:56.124 [main] INFO MongoseIniter - MongoDB open:deliverwater
2017-12-19 11:12:56.127 [main] INFO RedisIniter - Ready
2017-12-19 11:12:58.510 [main] INFO ControllerHb - register hb server Api Call
2017-12-19 11:12:01.851 [main] INFO ControllerHb - register hb server Api Call
2017-12-19 11:12:31.091 [main] INFO RedisIniter - connect
2017-12-19 11:12:31.102 [main] INFO MongoseIniter - MongoDB open:deliverwater
2017-12-19 11:12:31.105 [main] INFO RedisIniter - Ready
2017-12-19 11:12:31.705 [main] INFO server - 服务器端口：7082
2017-12-19 11:12:31.711 [main] INFO RedisIniter - connect
2017-12-19 11:12:31.718 [main] INFO MongoseIniter - MongoDB open:deliverwater
2017-12-19 11:12:31.721 [main] INFO RedisIniter - Ready
2017-12-19 11:12:34.441 [main] INFO ControllerHb - register hb server Api Call
2017-12-19 11:12:36.543 [main] INFO RedisIniter - connecgfert
2017-12-19 11:12:36.543 [main] INFO RedisIniter - connecgfert
2017-12-19 11:12:19.560 [main] INFO RedisIniter - connect
2017-12-19 11:12:19.571 [main] INFO MongoseIniter - MongoDB open:deliverwater
2017-12-19 11:12:19.574 [main] INFO RedisIniter - Ready
2017-12-19 11:12:20.178 [main] INFO server - 服务器端口：7082
2017-12-19 11:12:20.186 [main] INFO RedisIniter - connect
2017-12-19 11:12:20.193 [main] INFO MongoseIniter - MongoDB open:deliverwater
2017-12-19 11:12:20.195 [main] INFO RedisIniter - Ready
2017-12-19 11:12:22.448 [main] INFO ControllerHb - register hb server Api Call
2017-12-19 11:12:24.558 [main] INFO RedisIniter - connecgfert
2017-12-19 11:12:24.558 [main] INFO RedisIniter - connecgfert
2017-12-19 11:12:06.405 [main] INFO RedisIniter - connect
2017-12-19 11:12:06.414 [main] INFO MongoseIniter - MongoDB open:deliverwater
2017-12-19 11:12:06.417 [main] INFO RedisIniter - Ready
2017-12-19 11:12:07.028 [main] INFO server - 服务器端口：7082
2017-12-19 11:12:07.034 [main] INFO RedisIniter - connect
2017-12-19 11:12:07.041 [main] INFO MongoseIniter - MongoDB open:deliverwater
2017-12-19 11:12:07.043 [main] INFO RedisIniter - Ready
2017-12-19 11:12:09.113 [main] INFO ControllerHb - register hb server Api Call
2017-12-19 11:12:11.207 [main] INFO RedisIniter - connecgfert
2017-12-19 11:12:11.207 [main] INFO RedisIniter - connecgfert
2017-12-19 11:12:13.296 [main] INFO ControllerHb - register hb server Api Call
2017-12-19 11:12:15.334 [main] INFO RedisIniter - connecgfert
2017-12-19 11:12:15.334 [main] INFO RedisIniter - connecgfert
2017-12-19 11:12:17.091 [main] INFO ControllerHb - register hb server Api Call
2017-12-19 11:12:19.162 [main] INFO RedisIniter - connecgfert
2017-12-19 11:12:19.162 [main] INFO RedisIniter - connecgfert
2017-12-19 11:12:19.993 [main] INFO ControllerHb - register hb server Api Call
2017-12-19 11:12:22.083 [main] INFO RedisIniter - connecgfert
2017-12-19 11:12:22.083 [main] INFO RedisIniter - connecgfert
2017-12-19 11:12:22.824 [main] INFO ControllerHb - register hb server Api Call
2017-12-19 11:12:24.901 [main] INFO RedisIniter - connecgfert
2017-12-19 11:12:24.901 [main] INFO RedisIniter - connecgfert
2017-12-19 11:12:32.652 [main] INFO ControllerHb - register hb server Api Call
2017-12-19 11:12:34.665 [main] INFO RedisIniter - connecgfert
2017-12-19 11:12:34.665 [main] INFO RedisIniter - connecgfert
2017-12-19 11:12:03.098 [main] INFO RedisIniter - connect
2017-12-19 11:12:03.108 [main] INFO MongoseIniter - MongoDB open:deliverwater
2017-12-19 11:12:03.111 [main] INFO RedisIniter - Ready
2017-12-19 11:12:03.706 [main] INFO server - 服务器端口：7082
2017-12-19 11:12:03.713 [main] INFO RedisIniter - connect
2017-12-19 11:12:03.719 [main] INFO MongoseIniter - MongoDB open:deliverwater
2017-12-19 11:12:03.722 [main] INFO RedisIniter - Ready
2017-12-19 11:12:06.757 [main] INFO ControllerHb - register hb server Api Call
2017-12-19 11:12:49.342 [main] INFO RedisIniter - connect
2017-12-19 11:12:49.352 [main] INFO MongoseIniter - MongoDB open:deliverwater
2017-12-19 11:12:49.354 [main] INFO RedisIniter - Ready
2017-12-19 11:12:49.942 [main] INFO server - 服务器端口：7082
2017-12-19 11:12:49.949 [main] INFO RedisIniter - connect
2017-12-19 11:12:49.955 [main] INFO MongoseIniter - MongoDB open:deliverwater
2017-12-19 11:12:49.959 [main] INFO RedisIniter - Ready
2017-12-19 11:12:52.833 [main] INFO ControllerHb - register hb server Api Call
2017-12-19 11:12:11.708 [main] INFO RedisIniter - connect
2017-12-19 11:12:11.719 [main] INFO MongoseIniter - MongoDB open:deliverwater
2017-12-19 11:12:11.721 [main] INFO RedisIniter - Ready
2017-12-19 11:12:12.329 [main] INFO server - 服务器端口：7082
2017-12-19 11:12:12.337 [main] INFO RedisIniter - connect
2017-12-19 11:12:12.344 [main] INFO MongoseIniter - MongoDB open:deliverwater
2017-12-19 11:12:12.346 [main] INFO RedisIniter - Ready
2017-12-19 11:12:14.021 [main] INFO ControllerHb - register hb server Api Call
2017-12-19 11:12:15.913 [main] INFO ControllerHb - register hb server Api Call
2017-12-19 11:12:17.293 [main] INFO ControllerHb - register hb server Api Call
2017-12-19 11:12:19.497 [main] INFO ControllerHb - register hb server Api Call
2017-12-19 11:12:51.784 [main] INFO RedisIniter - connect
2017-12-19 11:12:51.794 [main] INFO MongoseIniter - MongoDB open:deliverwater
2017-12-19 11:12:51.797 [main] INFO RedisIniter - Ready
2017-12-19 11:12:52.394 [main] INFO server - 服务器端口：7082
2017-12-19 11:12:52.400 [main] INFO RedisIniter - connect
2017-12-19 11:12:52.406 [main] INFO MongoseIniter - MongoDB open:deliverwater
2017-12-19 11:12:52.408 [main] INFO RedisIniter - Ready
2017-12-19 11:12:53.594 [main] INFO ControllerHb - register hb server Api Call
2017-12-19 12:12:05.591 [main] INFO RedisIniter - connect
2017-12-19 12:12:05.601 [main] INFO MongoseIniter - MongoDB open:deliverwater
2017-12-19 12:12:05.604 [main] INFO RedisIniter - Ready
2017-12-19 12:12:06.194 [main] INFO server - 服务器端口：7082
2017-12-19 12:12:06.201 [main] INFO RedisIniter - connect
2017-12-19 12:12:06.208 [main] INFO MongoseIniter - MongoDB open:deliverwater
2017-12-19 12:12:06.210 [main] INFO RedisIniter - Ready
2017-12-19 12:12:08.520 [main] INFO ControllerHb - register hb server Api Call
2017-12-19 12:12:48.721 [main] INFO RedisIniter - connect
2017-12-19 12:12:48.730 [main] INFO MongoseIniter - MongoDB open:deliverwater
2017-12-19 12:12:48.734 [main] INFO RedisIniter - Ready
2017-12-19 12:12:49.317 [main] INFO server - 服务器端口：7082
2017-12-19 12:12:49.323 [main] INFO RedisIniter - connect
2017-12-19 12:12:49.329 [main] INFO MongoseIniter - MongoDB open:deliverwater
2017-12-19 12:12:49.332 [main] INFO RedisIniter - Ready
2017-12-19 12:12:51.467 [main] INFO ControllerHb - register hb server Api Call
2017-12-19 12:12:29.358 [main] INFO RedisIniter - connect
2017-12-19 12:12:29.367 [main] INFO MongoseIniter - MongoDB open:deliverwater
2017-12-19 12:12:29.370 [main] INFO RedisIniter - Ready
2017-12-19 12:12:29.944 [main] INFO server - 服务器端口：7082
2017-12-19 12:12:29.950 [main] INFO RedisIniter - connect
2017-12-19 12:12:29.958 [main] INFO MongoseIniter - MongoDB open:deliverwater
2017-12-19 12:12:29.960 [main] INFO RedisIniter - Ready
2017-12-19 12:12:32.589 [main] INFO ControllerHb - register hb server Api Call
2017-12-19 12:12:33.617 [main] INFO ControllerHb - register hb server Api Call
2017-12-19 12:12:34.465 [main] INFO ControllerHb - register hb server Api Call
2017-12-19 12:12:35.240 [main] INFO RedisIniter - connect
2017-12-19 12:12:35.250 [main] INFO MongoseIniter - MongoDB open:deliverwater
2017-12-19 12:12:35.253 [main] INFO RedisIniter - Ready
2017-12-19 12:12:35.830 [main] INFO server - 服务器端口：7082
2017-12-19 12:12:35.837 [main] INFO RedisIniter - connect
2017-12-19 12:12:35.842 [main] INFO MongoseIniter - MongoDB open:deliverwater
2017-12-19 12:12:35.846 [main] INFO RedisIniter - Ready
2017-12-19 12:12:38.085 [main] INFO ControllerHb - register hb server Api Call
2017-12-19 12:12:40.187 [main] INFO RedisIniter - connecgfert
2017-12-19 12:12:40.187 [main] INFO RedisIniter - connecgfert
2017-12-19 12:12:41.964 [main] INFO ControllerHb - register hb server Api Call
2017-12-19 12:12:44.009 [main] INFO RedisIniter - connecgfert
2017-12-19 12:12:44.009 [main] INFO RedisIniter - connecgfert
2017-12-19 12:12:50.876 [main] INFO RedisIniter - connect
2017-12-19 12:12:50.887 [main] INFO MongoseIniter - MongoDB open:deliverwater
2017-12-19 12:12:50.891 [main] INFO RedisIniter - Ready
2017-12-19 12:12:51.496 [main] INFO server - 服务器端口：7082
2017-12-19 12:12:51.503 [main] INFO RedisIniter - connect
2017-12-19 12:12:51.509 [main] INFO MongoseIniter - MongoDB open:deliverwater
2017-12-19 12:12:51.511 [main] INFO RedisIniter - Ready
2017-12-19 12:12:52.687 [main] INFO ControllerHb - register hb server Api Call
2017-12-19 12:12:54.728 [main] INFO RedisIniter - connecgfert
2017-12-19 12:12:54.728 [main] INFO RedisIniter - connecgfert
2017-12-19 12:12:21.331 [main] INFO RedisIniter - connect
2017-12-19 12:12:21.340 [main] INFO MongoseIniter - MongoDB open:deliverwater
2017-12-19 12:12:21.344 [main] INFO RedisIniter - Ready
2017-12-19 12:12:21.965 [main] INFO server - 服务器端口：7082
2017-12-19 12:12:21.970 [main] INFO RedisIniter - connect
2017-12-19 12:12:21.978 [main] INFO MongoseIniter - MongoDB open:deliverwater
2017-12-19 12:12:21.980 [main] INFO RedisIniter - Ready
2017-12-19 12:12:22.968 [main] INFO ControllerHb - register hb server Api Call
2017-12-19 12:12:25.031 [main] INFO RedisIniter - connecgfert
2017-12-19 12:12:25.031 [main] INFO RedisIniter - connecgfert
2017-12-19 12:12:35.462 [main] INFO RedisIniter - connect
2017-12-19 12:12:35.473 [main] INFO MongoseIniter - MongoDB open:deliverwater
2017-12-19 12:12:35.475 [main] INFO RedisIniter - Ready
2017-12-19 12:12:36.076 [main] INFO server - 服务器端口：7082
2017-12-19 12:12:36.082 [main] INFO RedisIniter - connect
2017-12-19 12:12:36.089 [main] INFO MongoseIniter - MongoDB open:deliverwater
2017-12-19 12:12:36.091 [main] INFO RedisIniter - Ready
2017-12-19 12:12:37.889 [main] INFO ControllerHb - register hb server Api Call
2017-12-19 12:12:48.919 [main] INFO RedisIniter - connect
2017-12-19 12:12:48.927 [main] INFO MongoseIniter - MongoDB open:deliverwater
2017-12-19 12:12:48.930 [main] INFO RedisIniter - Ready
2017-12-19 12:12:49.539 [main] INFO server - 服务器端口：7082
2017-12-19 12:12:49.546 [main] INFO RedisIniter - connect
2017-12-19 12:12:49.554 [main] INFO MongoseIniter - MongoDB open:deliverwater
2017-12-19 12:12:49.556 [main] INFO RedisIniter - Ready
2017-12-19 12:12:50.887 [main] INFO ControllerHb - register hb server Api Call
2017-12-19 12:12:52.928 [main] INFO RedisIniter - connecgfert
2017-12-19 12:12:52.928 [main] INFO RedisIniter - connecgfert
2017-12-19 12:12:42.165 [main] INFO RedisIniter - connect
2017-12-19 12:12:42.174 [main] INFO MongoseIniter - MongoDB open:deliverwater
2017-12-19 12:12:42.178 [main] INFO RedisIniter - Ready
2017-12-19 12:12:42.769 [main] INFO server - 服务器端口：7082
2017-12-19 12:12:42.776 [main] INFO RedisIniter - connect
2017-12-19 12:12:42.784 [main] INFO MongoseIniter - MongoDB open:deliverwater
2017-12-19 12:12:42.786 [main] INFO RedisIniter - Ready
2017-12-19 12:12:44.779 [main] INFO ControllerHb - register hb server Api Call
2017-12-19 12:12:46.882 [main] INFO RedisIniter - connecgfert
2017-12-19 12:12:46.882 [main] INFO RedisIniter - connecgfert
2017-12-19 12:12:29.033 [main] INFO RedisIniter - connect
2017-12-19 12:12:29.044 [main] INFO MongoseIniter - MongoDB open:deliverwater
2017-12-19 12:12:29.047 [main] INFO RedisIniter - Ready
2017-12-19 12:12:29.652 [main] INFO server - 服务器端口：7082
2017-12-19 12:12:29.661 [main] INFO RedisIniter - connect
2017-12-19 12:12:29.667 [main] INFO MongoseIniter - MongoDB open:deliverwater
2017-12-19 12:12:29.670 [main] INFO RedisIniter - Ready
2017-12-19 12:12:32.422 [main] INFO ControllerHb - register hb server Api Call
2017-12-19 12:12:35.230 [main] INFO ControllerHb - register hb server Api Call
2017-12-19 12:12:57.249 [main] INFO RedisIniter - connect
2017-12-19 12:12:57.259 [main] INFO MongoseIniter - MongoDB open:deliverwater
2017-12-19 12:12:57.263 [main] INFO RedisIniter - Ready
2017-12-19 12:12:57.852 [main] INFO server - 服务器端口：7082
2017-12-19 12:12:57.858 [main] INFO RedisIniter - connect
2017-12-19 12:12:57.866 [main] INFO MongoseIniter - MongoDB open:deliverwater
2017-12-19 12:12:57.868 [main] INFO RedisIniter - Ready
2017-12-19 12:12:00.986 [main] INFO ControllerHb - register hb server Api Call
2017-12-19 12:12:12.522 [main] INFO RedisIniter - connect
2017-12-19 12:12:12.531 [main] INFO MongoseIniter - MongoDB open:deliverwater
2017-12-19 12:12:12.534 [main] INFO RedisIniter - Ready
2017-12-19 12:12:13.140 [main] INFO server - 服务器端口：7082
2017-12-19 12:12:13.147 [main] INFO RedisIniter - connect
2017-12-19 12:12:13.153 [main] INFO MongoseIniter - MongoDB open:deliverwater
2017-12-19 12:12:13.156 [main] INFO RedisIniter - Ready
2017-12-19 12:12:14.733 [main] INFO ControllerHb - register hb server Api Call
2017-12-19 12:12:21.165 [main] INFO RedisIniter - connect
2017-12-19 12:12:21.175 [main] INFO MongoseIniter - MongoDB open:deliverwater
2017-12-19 12:12:21.178 [main] INFO RedisIniter - Ready
2017-12-19 12:12:21.763 [main] INFO server - 服务器端口：7082
2017-12-19 12:12:21.770 [main] INFO RedisIniter - connect
2017-12-19 12:12:21.777 [main] INFO MongoseIniter - MongoDB open:deliverwater
2017-12-19 12:12:21.779 [main] INFO RedisIniter - Ready
2017-12-19 12:12:23.641 [main] INFO ControllerHb - register hb server Api Call
2017-12-19 12:12:24.677 [main] INFO RedisIniter - serverso1513657403641
2017-12-19 12:12:24.677 [main] INFO RedisIniter - serverso1513657403641
2017-12-19 12:12:25.539 [main] INFO RedisIniter - connect
2017-12-19 12:12:25.549 [main] INFO MongoseIniter - MongoDB open:deliverwater
2017-12-19 12:12:25.553 [main] INFO RedisIniter - Ready
2017-12-19 12:12:26.167 [main] INFO server - 服务器端口：7082
2017-12-19 12:12:26.175 [main] INFO RedisIniter - connect
2017-12-19 12:12:26.181 [main] INFO MongoseIniter - MongoDB open:deliverwater
2017-12-19 12:12:26.184 [main] INFO RedisIniter - Ready
2017-12-19 12:12:27.748 [main] INFO ControllerHb - register hb server Api Call
2017-12-19 12:12:38.389 [main] INFO RedisIniter - connect
2017-12-19 12:12:38.399 [main] INFO MongoseIniter - MongoDB open:deliverwater
2017-12-19 12:12:38.401 [main] INFO RedisIniter - Ready
2017-12-19 12:12:39.005 [main] INFO server - 服务器端口：7082
2017-12-19 12:12:39.013 [main] INFO RedisIniter - connect
2017-12-19 12:12:39.019 [main] INFO MongoseIniter - MongoDB open:deliverwater
2017-12-19 12:12:39.021 [main] INFO RedisIniter - Ready
2017-12-19 12:12:40.561 [main] INFO ControllerHb - register hb server Api Call
2017-12-19 12:12:51.951 [main] INFO RedisIniter - connect
2017-12-19 12:12:51.961 [main] INFO MongoseIniter - MongoDB open:deliverwater
2017-12-19 12:12:51.964 [main] INFO RedisIniter - Ready
2017-12-19 12:12:52.581 [main] INFO server - 服务器端口：7082
2017-12-19 12:12:52.588 [main] INFO RedisIniter - connect
2017-12-19 12:12:52.594 [main] INFO MongoseIniter - MongoDB open:deliverwater
2017-12-19 12:12:52.597 [main] INFO RedisIniter - Ready
2017-12-19 12:12:55.246 [main] INFO ControllerHb - register hb server Api Call
2017-12-19 12:12:23.900 [main] INFO RedisIniter - connect
2017-12-19 12:12:23.912 [main] INFO MongoseIniter - MongoDB open:deliverwater
2017-12-19 12:12:23.916 [main] INFO RedisIniter - Ready
2017-12-19 12:12:24.536 [main] INFO server - 服务器端口：7082
2017-12-19 12:12:24.544 [main] INFO RedisIniter - connect
2017-12-19 12:12:24.550 [main] INFO MongoseIniter - MongoDB open:deliverwater
2017-12-19 12:12:24.552 [main] INFO RedisIniter - Ready
2017-12-19 12:12:27.505 [main] INFO ControllerHb - register hb server Api Call
2017-12-19 12:12:05.112 [main] INFO RedisIniter - connect
2017-12-19 12:12:05.121 [main] INFO MongoseIniter - MongoDB open:deliverwater
2017-12-19 12:12:05.124 [main] INFO RedisIniter - Ready
2017-12-19 12:12:05.745 [main] INFO server - 服务器端口：7082
2017-12-19 12:12:05.753 [main] INFO RedisIniter - connect
2017-12-19 12:12:05.761 [main] INFO MongoseIniter - MongoDB open:deliverwater
2017-12-19 12:12:05.764 [main] INFO RedisIniter - Ready
2017-12-19 12:12:10.899 [main] INFO ControllerHb - register hb server Api Call
2017-12-19 12:12:18.073 [main] INFO ControllerHb - register hb server Api Call
2017-12-19 12:12:32.883 [main] INFO RedisIniter - connect
2017-12-19 12:12:32.893 [main] INFO MongoseIniter - MongoDB open:deliverwater
2017-12-19 12:12:32.895 [main] INFO RedisIniter - Ready
2017-12-19 12:12:33.504 [main] INFO server - 服务器端口：7082
2017-12-19 12:12:33.512 [main] INFO RedisIniter - connect
2017-12-19 12:12:33.519 [main] INFO MongoseIniter - MongoDB open:deliverwater
2017-12-19 12:12:33.521 [main] INFO RedisIniter - Ready
2017-12-19 12:12:35.372 [main] INFO ControllerHb - register hb server Api Call
2017-12-19 12:12:16.895 [main] INFO RedisIniter - connect
2017-12-19 12:12:16.905 [main] INFO MongoseIniter - MongoDB open:deliverwater
2017-12-19 12:12:16.908 [main] INFO RedisIniter - Ready
2017-12-19 12:12:17.496 [main] INFO server - 服务器端口：7082
2017-12-19 12:12:17.502 [main] INFO RedisIniter - connect
2017-12-19 12:12:17.509 [main] INFO MongoseIniter - MongoDB open:deliverwater
2017-12-19 12:12:17.512 [main] INFO RedisIniter - Ready
2017-12-19 12:12:21.343 [main] INFO ControllerHb - register hb server Api Call
2017-12-19 12:12:41.323 [main] INFO RedisIniter - connect
2017-12-19 12:12:41.333 [main] INFO MongoseIniter - MongoDB open:deliverwater
2017-12-19 12:12:41.336 [main] INFO RedisIniter - Ready
2017-12-19 12:12:41.929 [main] INFO server - 服务器端口：7082
2017-12-19 12:12:41.936 [main] INFO RedisIniter - connect
2017-12-19 12:12:41.941 [main] INFO MongoseIniter - MongoDB open:deliverwater
2017-12-19 12:12:41.943 [main] INFO RedisIniter - Ready
2017-12-19 12:12:44.970 [main] INFO ControllerHb - register hb server Api Call
2017-12-19 12:12:29.247 [main] INFO RedisIniter - connect
2017-12-19 12:12:29.256 [main] INFO MongoseIniter - MongoDB open:deliverwater
2017-12-19 12:12:29.258 [main] INFO RedisIniter - Ready
2017-12-19 12:12:29.859 [main] INFO server - 服务器端口：7082
2017-12-19 12:12:29.867 [main] INFO RedisIniter - connect
2017-12-19 12:12:29.873 [main] INFO MongoseIniter - MongoDB open:deliverwater
2017-12-19 12:12:29.875 [main] INFO RedisIniter - Ready
2017-12-19 12:12:32.305 [main] INFO ControllerHb - register hb server Api Call
2017-12-19 12:12:44.517 [main] INFO RedisIniter - connect
2017-12-19 12:12:44.527 [main] INFO MongoseIniter - MongoDB open:deliverwater
2017-12-19 12:12:44.530 [main] INFO RedisIniter - Ready
2017-12-19 12:12:45.144 [main] INFO server - 服务器端口：7082
2017-12-19 12:12:45.151 [main] INFO RedisIniter - connect
2017-12-19 12:12:45.159 [main] INFO MongoseIniter - MongoDB open:deliverwater
2017-12-19 12:12:45.162 [main] INFO RedisIniter - Ready
2017-12-19 12:12:47.130 [main] INFO ControllerHb - register hb server Api Call
2017-12-19 12:12:53.439 [main] INFO ControllerHb - register hb server Api Call
2017-12-19 12:12:54.961 [main] INFO RedisIniter - connect
2017-12-19 12:12:54.972 [main] INFO MongoseIniter - MongoDB open:deliverwater
2017-12-19 12:12:54.976 [main] INFO RedisIniter - Ready
2017-12-19 12:12:55.588 [main] INFO server - 服务器端口：7082
2017-12-19 12:12:55.594 [main] INFO RedisIniter - connect
2017-12-19 12:12:55.602 [main] INFO MongoseIniter - MongoDB open:deliverwater
2017-12-19 12:12:55.604 [main] INFO RedisIniter - Ready
2017-12-19 12:12:57.956 [main] INFO ControllerHb - register hb server Api Call
2017-12-19 12:12:59.066 [main] ERROR server - TypeError: redis.lrem is not a function
2017-12-19 12:12:59.068 [main] ERROR server - TypeError: redis.lrem is not a function
    at Redis.<anonymous> (/Users/jsen/Documents/GitProjects/POJ/DeliverWater/Server/DeliverWater/app/db/redis.init.js:46:15)
    at Redis.emit (events.js:159:13)
    at Redis.exports.returnReply (/Users/jsen/Documents/GitProjects/POJ/DeliverWater/Server/DeliverWater/node_modules/_ioredis@3.2.2@ioredis/lib/redis/parser.js:116:14)
    at JavascriptRedisParser.returnReply (/Users/jsen/Documents/GitProjects/POJ/DeliverWater/Server/DeliverWater/node_modules/_ioredis@3.2.2@ioredis/lib/redis/parser.js:27:13)
    at JavascriptRedisParser.execute (/Users/jsen/Documents/GitProjects/POJ/DeliverWater/Server/DeliverWater/node_modules/_redis-parser@2.6.0@redis-parser/lib/parser.js:574:12)
    at Socket.<anonymous> (/Users/jsen/Documents/GitProjects/POJ/DeliverWater/Server/DeliverWater/node_modules/_ioredis@3.2.2@ioredis/lib/redis/event_handler.js:107:22)
    at Socket.emit (events.js:159:13)
    at addChunk (_stream_readable.js:265:12)
    at readableAddChunk (_stream_readable.js:252:11)
    at Socket.Readable.push (_stream_readable.js:209:10)
    at TCP.onread (net.js:598:20)
2017-12-19 12:12:59.065 [main] ERROR server - Error: redis.lrem is not a function
2017-12-19 12:12:59.067 [main] ERROR server - TypeError: redis.lrem is not a function
    at Redis.<anonymous> (/Users/jsen/Documents/GitProjects/POJ/DeliverWater/Server/DeliverWater/app/db/redis.init.js:46:15)
    at Redis.emit (events.js:159:13)
    at Redis.exports.returnReply (/Users/jsen/Documents/GitProjects/POJ/DeliverWater/Server/DeliverWater/node_modules/_ioredis@3.2.2@ioredis/lib/redis/parser.js:116:14)
    at JavascriptRedisParser.returnReply (/Users/jsen/Documents/GitProjects/POJ/DeliverWater/Server/DeliverWater/node_modules/_ioredis@3.2.2@ioredis/lib/redis/parser.js:27:13)
    at JavascriptRedisParser.execute (/Users/jsen/Documents/GitProjects/POJ/DeliverWater/Server/DeliverWater/node_modules/_redis-parser@2.6.0@redis-parser/lib/parser.js:574:12)
    at Socket.<anonymous> (/Users/jsen/Documents/GitProjects/POJ/DeliverWater/Server/DeliverWater/node_modules/_ioredis@3.2.2@ioredis/lib/redis/event_handler.js:107:22)
    at Socket.emit (events.js:159:13)
    at addChunk (_stream_readable.js:265:12)
    at readableAddChunk (_stream_readable.js:252:11)
    at Socket.Readable.push (_stream_readable.js:209:10)
    at TCP.onread (net.js:598:20)
2017-12-19 12:12:11.689 [main] INFO RedisIniter - connect
2017-12-19 12:12:11.700 [main] INFO MongoseIniter - MongoDB open:deliverwater
2017-12-19 12:12:11.704 [main] INFO RedisIniter - Ready
2017-12-19 12:12:12.317 [main] INFO server - 服务器端口：7082
2017-12-19 12:12:12.323 [main] INFO RedisIniter - connect
2017-12-19 12:12:12.330 [main] INFO MongoseIniter - MongoDB open:deliverwater
2017-12-19 12:12:12.332 [main] INFO RedisIniter - Ready
2017-12-19 12:12:13.434 [main] INFO ControllerHb - register hb server Api Call
2017-12-19 12:12:14.468 [main] ERROR server - TypeError: redis.lrem is not a function
2017-12-19 12:12:14.470 [main] ERROR server - TypeError: redis.lrem is not a function
    at Redis.<anonymous> (/Users/jsen/Documents/GitProjects/POJ/DeliverWater/Server/DeliverWater/app/db/redis.init.js:46:15)
    at Redis.emit (events.js:159:13)
    at Redis.exports.returnReply (/Users/jsen/Documents/GitProjects/POJ/DeliverWater/Server/DeliverWater/node_modules/_ioredis@3.2.2@ioredis/lib/redis/parser.js:116:14)
    at JavascriptRedisParser.returnReply (/Users/jsen/Documents/GitProjects/POJ/DeliverWater/Server/DeliverWater/node_modules/_ioredis@3.2.2@ioredis/lib/redis/parser.js:27:13)
    at JavascriptRedisParser.execute (/Users/jsen/Documents/GitProjects/POJ/DeliverWater/Server/DeliverWater/node_modules/_redis-parser@2.6.0@redis-parser/lib/parser.js:574:12)
    at Socket.<anonymous> (/Users/jsen/Documents/GitProjects/POJ/DeliverWater/Server/DeliverWater/node_modules/_ioredis@3.2.2@ioredis/lib/redis/event_handler.js:107:22)
    at Socket.emit (events.js:159:13)
    at addChunk (_stream_readable.js:265:12)
    at readableAddChunk (_stream_readable.js:252:11)
    at Socket.Readable.push (_stream_readable.js:209:10)
    at TCP.onread (net.js:598:20)
2017-12-19 12:12:14.468 [main] ERROR server - Error: redis.lrem is not a function
2017-12-19 12:12:14.469 [main] ERROR server - TypeError: redis.lrem is not a function
    at Redis.<anonymous> (/Users/jsen/Documents/GitProjects/POJ/DeliverWater/Server/DeliverWater/app/db/redis.init.js:46:15)
    at Redis.emit (events.js:159:13)
    at Redis.exports.returnReply (/Users/jsen/Documents/GitProjects/POJ/DeliverWater/Server/DeliverWater/node_modules/_ioredis@3.2.2@ioredis/lib/redis/parser.js:116:14)
    at JavascriptRedisParser.returnReply (/Users/jsen/Documents/GitProjects/POJ/DeliverWater/Server/DeliverWater/node_modules/_ioredis@3.2.2@ioredis/lib/redis/parser.js:27:13)
    at JavascriptRedisParser.execute (/Users/jsen/Documents/GitProjects/POJ/DeliverWater/Server/DeliverWater/node_modules/_redis-parser@2.6.0@redis-parser/lib/parser.js:574:12)
    at Socket.<anonymous> (/Users/jsen/Documents/GitProjects/POJ/DeliverWater/Server/DeliverWater/node_modules/_ioredis@3.2.2@ioredis/lib/redis/event_handler.js:107:22)
    at Socket.emit (events.js:159:13)
    at addChunk (_stream_readable.js:265:12)
    at readableAddChunk (_stream_readable.js:252:11)
    at Socket.Readable.push (_stream_readable.js:209:10)
    at TCP.onread (net.js:598:20)
2017-12-19 12:12:28.747 [main] INFO RedisIniter - connect
2017-12-19 12:12:28.756 [main] INFO MongoseIniter - MongoDB open:deliverwater
2017-12-19 12:12:28.760 [main] INFO RedisIniter - Ready
2017-12-19 12:12:29.370 [main] INFO server - 服务器端口：7082
2017-12-19 12:12:29.379 [main] INFO RedisIniter - connect
2017-12-19 12:12:29.385 [main] INFO MongoseIniter - MongoDB open:deliverwater
2017-12-19 12:12:29.387 [main] INFO RedisIniter - Ready
2017-12-19 12:12:31.893 [main] INFO ControllerHb - register hb server Api Call
2017-12-19 12:12:56.529 [main] INFO RedisIniter - connect
2017-12-19 12:12:56.539 [main] INFO MongoseIniter - MongoDB open:deliverwater
2017-12-19 12:12:56.542 [main] INFO RedisIniter - Ready
2017-12-19 12:12:57.134 [main] INFO server - 服务器端口：7082
2017-12-19 12:12:57.140 [main] INFO RedisIniter - connect
2017-12-19 12:12:57.147 [main] INFO MongoseIniter - MongoDB open:deliverwater
2017-12-19 12:12:57.150 [main] INFO RedisIniter - Ready
2017-12-19 12:12:59.468 [main] INFO ControllerHb - register hb server Api Call
2017-12-19 12:12:02.580 [main] INFO ControllerHb - register hb server Api Call
2017-12-19 12:12:03.393 [main] INFO ControllerHb - register hb server Api Call
2017-12-19 12:12:03.650 [main] INFO ControllerHb - register hb server Api Call
2017-12-19 12:12:03.857 [main] INFO ControllerHb - register hb server Api Call
2017-12-19 12:12:04.058 [main] INFO ControllerHb - register hb server Api Call
2017-12-19 12:12:04.224 [main] INFO ControllerHb - register hb server Api Call
2017-12-19 12:12:04.383 [main] INFO ControllerHb - register hb server Api Call
2017-12-19 12:12:04.534 [main] INFO ControllerHb - register hb server Api Call
2017-12-19 12:12:04.699 [main] INFO ControllerHb - register hb server Api Call
2017-12-19 12:12:04.845 [main] INFO ControllerHb - register hb server Api Call
2017-12-19 12:12:04.993 [main] INFO ControllerHb - register hb server Api Call
2017-12-19 12:12:27.195 [main] INFO RedisIniter - connect
2017-12-19 12:12:27.206 [main] INFO MongoseIniter - MongoDB open:deliverwater
2017-12-19 12:12:27.209 [main] INFO RedisIniter - Ready
2017-12-19 12:12:27.793 [main] INFO server - 服务器端口：7082
2017-12-19 12:12:27.798 [main] INFO RedisIniter - connect
2017-12-19 12:12:27.806 [main] INFO MongoseIniter - MongoDB open:deliverwater
2017-12-19 12:12:27.809 [main] INFO RedisIniter - Ready
2017-12-19 12:12:31.880 [main] INFO ControllerHb - register hb server Api Call
2017-12-19 12:12:33.319 [main] INFO ControllerHb - register hb server Api Call
2017-12-19 12:12:34.174 [main] INFO ControllerHb - register hb server Api Call
2017-12-19 12:12:53.690 [main] INFO RedisIniter - connect
2017-12-19 12:12:53.700 [main] INFO MongoseIniter - MongoDB open:deliverwater
2017-12-19 12:12:53.703 [main] INFO RedisIniter - Ready
2017-12-19 12:12:54.314 [main] INFO server - 服务器端口：7082
2017-12-19 12:12:54.321 [main] INFO RedisIniter - connect
2017-12-19 12:12:54.327 [main] INFO MongoseIniter - MongoDB open:deliverwater
2017-12-19 12:12:54.330 [main] INFO RedisIniter - Ready
2017-12-19 12:12:55.774 [main] INFO ControllerHb - register hb server Api Call
2017-12-19 12:12:59.066 [main] INFO ControllerHb - register hb server Api Call
2017-12-19 12:12:59.912 [main] INFO ControllerHb - register hb server Api Call
2017-12-19 12:12:00.160 [main] INFO ControllerHb - register hb server Api Call
2017-12-19 12:12:00.757 [main] INFO ControllerHb - register hb server Api Call
2017-12-19 12:12:00.938 [main] INFO ControllerHb - register hb server Api Call
2017-12-19 12:12:01.094 [main] INFO ControllerHb - register hb server Api Call
2017-12-19 12:12:01.272 [main] INFO ControllerHb - register hb server Api Call
2017-12-19 12:12:01.428 [main] INFO ControllerHb - register hb server Api Call
2017-12-19 12:12:01.585 [main] INFO ControllerHb - register hb server Api Call
2017-12-19 12:12:03.831 [main] INFO ControllerHb - register hb server Api Call
