2017-12-30 10:12:32.240 [main] ERROR MongoseIniter - MongoError: failed to connect to server [127.0.0.1:27017] on first connect [MongoError: connect ECONNREFUSED 127.0.0.1:27017]
2017-12-30 10:12:32.244 [main] ERROR RedisIniter - error Error: connect ECONNREFUSED 127.0.0.1:6379
2017-12-30 10:12:32.301 [main] ERROR RedisIniter - error Error: connect ECONNREFUSED 127.0.0.1:6379
2017-12-30 10:12:32.405 [main] ERROR RedisIniter - error Error: connect ECONNREFUSED 127.0.0.1:6379
2017-12-30 10:12:32.559 [main] ERROR RedisIniter - error Error: connect ECONNREFUSED 127.0.0.1:6379
2017-12-30 10:12:32.763 [main] ERROR RedisIniter - error Error: connect ECONNREFUSED 127.0.0.1:6379
2017-12-30 10:12:32.820 [main] INFO server - 服务器端口：7082
2017-12-30 10:12:32.824 [main] ERROR MongoseIniter - [object Object]
2017-12-30 10:12:32.826 [main] ERROR RedisIniter - error Error: connect ECONNREFUSED 127.0.0.1:6379
2017-12-30 10:12:32.881 [main] ERROR RedisIniter - error Error: connect ECONNREFUSED 127.0.0.1:6379
2017-12-30 10:12:32.989 [main] ERROR RedisIniter - error Error: connect ECONNREFUSED 127.0.0.1:6379
2017-12-30 10:12:33.015 [main] ERROR RedisIniter - error Error: connect ECONNREFUSED 127.0.0.1:6379
2017-12-30 10:12:33.144 [main] ERROR RedisIniter - error Error: connect ECONNREFUSED 127.0.0.1:6379
2017-12-30 10:12:33.318 [main] ERROR RedisIniter - error Error: connect ECONNREFUSED 127.0.0.1:6379
2017-12-30 10:12:33.346 [main] ERROR RedisIniter - error Error: connect ECONNREFUSED 127.0.0.1:6379
2017-12-30 10:12:33.602 [main] ERROR RedisIniter - error Error: connect ECONNREFUSED 127.0.0.1:6379
2017-12-30 10:12:33.671 [main] ERROR RedisIniter - error Error: connect ECONNREFUSED 127.0.0.1:6379
2017-12-30 10:12:33.903 [main] ERROR RedisIniter - error Error: connect ECONNREFUSED 127.0.0.1:6379
2017-12-30 10:12:34.074 [main] ERROR RedisIniter - error Error: connect ECONNREFUSED 127.0.0.1:6379
2017-12-30 10:12:34.260 [main] ERROR RedisIniter - error Error: connect ECONNREFUSED 127.0.0.1:6379
2017-12-30 10:12:34.530 [main] ERROR RedisIniter - error Error: connect ECONNREFUSED 127.0.0.1:6379
2017-12-30 10:12:34.666 [main] ERROR RedisIniter - error Error: connect ECONNREFUSED 127.0.0.1:6379
2017-12-30 10:12:35.031 [main] ERROR RedisIniter - error Error: connect ECONNREFUSED 127.0.0.1:6379
2017-12-30 10:12:35.122 [main] ERROR RedisIniter - error Error: connect ECONNREFUSED 127.0.0.1:6379
2017-12-30 10:12:35.588 [main] ERROR RedisIniter - error Error: connect ECONNREFUSED 127.0.0.1:6379
2017-12-30 10:12:35.628 [main] ERROR RedisIniter - error Error: connect ECONNREFUSED 127.0.0.1:6379
2017-12-30 10:12:36.179 [main] ERROR RedisIniter - error Error: connect ECONNREFUSED 127.0.0.1:6379
2017-12-30 10:12:36.191 [main] ERROR RedisIniter - error Error: connect ECONNREFUSED 127.0.0.1:6379
2017-12-30 10:12:11.802 [main] ERROR MongoseIniter - MongoError: failed to connect to server [127.0.0.1:27017] on first connect [MongoError: connect ECONNREFUSED 127.0.0.1:27017]
2017-12-30 10:12:11.811 [main] INFO RedisIniter - connect
2017-12-30 10:12:11.817 [main] INFO RedisIniter - Ready
2017-12-30 10:12:12.370 [main] INFO server - 服务器端口：7082
2017-12-30 10:12:12.376 [main] ERROR MongoseIniter - [object Object]
2017-12-30 10:12:12.379 [main] INFO RedisIniter - connect
2017-12-30 10:12:12.386 [main] INFO RedisIniter - Ready
2017-12-30 10:12:32.666 [main] ERROR MongoseIniter - MongoError: failed to connect to server [127.0.0.1:27017] on first connect [MongoError: connect ECONNREFUSED 127.0.0.1:27017]
2017-12-30 10:12:32.672 [main] INFO RedisIniter - connect
2017-12-30 10:12:32.680 [main] INFO RedisIniter - Ready
2017-12-30 10:12:33.229 [main] INFO server - 服务器端口：7082
2017-12-30 10:12:33.235 [main] ERROR MongoseIniter - [object Object]
2017-12-30 10:12:33.238 [main] INFO RedisIniter - connect
2017-12-30 10:12:33.245 [main] INFO RedisIniter - Ready
2017-12-30 10:12:46.968 [main] INFO RedisIniter - connect
2017-12-30 10:12:46.980 [main] ERROR MongoseIniter - MongoError: read ECONNRESET
2017-12-30 10:12:46.984 [main] INFO RedisIniter - Ready
2017-12-30 10:12:47.612 [main] INFO server - 服务器端口：7082
2017-12-30 10:12:47.620 [main] INFO RedisIniter - connect
2017-12-30 10:12:47.629 [main] INFO MongoseIniter - MongoDB open:deliverwater
2017-12-30 10:12:47.632 [main] INFO RedisIniter - Ready
2017-12-30 10:12:01.785 [main] INFO RedisIniter - connect
2017-12-30 10:12:01.795 [main] INFO MongoseIniter - MongoDB open:deliverwater
2017-12-30 10:12:01.798 [main] INFO RedisIniter - Ready
2017-12-30 10:12:02.341 [main] INFO server - 服务器端口：7082
2017-12-30 10:12:02.348 [main] INFO RedisIniter - connect
2017-12-30 10:12:02.355 [main] INFO MongoseIniter - MongoDB open:deliverwater
2017-12-30 10:12:02.358 [main] INFO RedisIniter - Ready
2017-12-30 10:12:27.471 [main] INFO ControllerAli - createAliPrepayOrder Api Call
2017-12-30 10:12:31.865 [main] INFO ControllerAli - createAliPrepayOrder Api Call
2017-12-30 10:12:36.159 [main] INFO ControllerAli - createAliPrepayOrder Api Call
2017-12-30 10:12:37.494 [main] INFO ControllerAli - createAliPrepayOrder Api Call
2017-12-30 10:12:13.061 [main] INFO ControllerAli - createAliPrepayOrder Api Call
2017-12-30 10:12:29.535 [main] INFO ControllerAli - createAliPrepayOrder Api Call
2017-12-30 10:12:21.969 [main] INFO RedisIniter - connect
2017-12-30 10:12:21.979 [main] INFO MongoseIniter - MongoDB open:deliverwater
2017-12-30 10:12:21.982 [main] INFO RedisIniter - Ready
2017-12-30 10:12:22.530 [main] INFO server - 服务器端口：7082
2017-12-30 10:12:22.539 [main] INFO RedisIniter - connect
2017-12-30 10:12:22.547 [main] INFO MongoseIniter - MongoDB open:deliverwater
2017-12-30 10:12:22.550 [main] INFO RedisIniter - Ready
2017-12-30 10:12:24.861 [main] INFO ControllerAli - createAliPrepayOrder Api Call
2017-12-30 10:12:05.817 [main] INFO RedisIniter - connect
2017-12-30 10:12:05.827 [main] INFO MongoseIniter - MongoDB open:deliverwater
2017-12-30 10:12:05.829 [main] INFO RedisIniter - Ready
2017-12-30 10:12:06.396 [main] INFO server - 服务器端口：7082
2017-12-30 10:12:06.406 [main] INFO RedisIniter - connect
2017-12-30 10:12:06.414 [main] INFO MongoseIniter - MongoDB open:deliverwater
2017-12-30 10:12:06.416 [main] INFO RedisIniter - Ready
2017-12-30 10:12:07.982 [main] INFO ControllerAli - createAliPrepayOrder Api Call
2017-12-30 10:12:19.971 [main] INFO RedisIniter - connect
2017-12-30 10:12:19.983 [main] INFO MongoseIniter - MongoDB open:deliverwater
2017-12-30 10:12:19.986 [main] INFO RedisIniter - Ready
2017-12-30 10:12:20.528 [main] INFO server - 服务器端口：7082
2017-12-30 10:12:20.535 [main] INFO RedisIniter - connect
2017-12-30 10:12:20.541 [main] INFO MongoseIniter - MongoDB open:deliverwater
2017-12-30 10:12:20.544 [main] INFO RedisIniter - Ready
2017-12-30 10:12:24.058 [main] INFO ControllerAli - createAliPrepayOrder Api Call
2017-12-30 10:12:35.787 [main] INFO ControllerAli - createAliPrepayOrder Api Call
2017-12-30 10:12:08.655 [main] INFO RedisIniter - connect
2017-12-30 10:12:08.666 [main] INFO MongoseIniter - MongoDB open:deliverwater
2017-12-30 10:12:08.669 [main] INFO RedisIniter - Ready
2017-12-30 10:12:09.219 [main] INFO server - 服务器端口：7082
2017-12-30 10:12:09.228 [main] INFO RedisIniter - connect
2017-12-30 10:12:09.236 [main] INFO MongoseIniter - MongoDB open:deliverwater
2017-12-30 10:12:09.239 [main] INFO RedisIniter - Ready
2017-12-30 10:12:14.714 [main] INFO ControllerAli - createAliPrepayOrder Api Call
2017-12-30 10:12:39.489 [main] INFO ControllerAli - createAliPrepayOrder Api Call
2017-12-30 11:12:23.429 [main] INFO RedisIniter - connect
2017-12-30 11:12:23.441 [main] INFO MongoseIniter - MongoDB open:deliverwater
2017-12-30 11:12:23.444 [main] INFO RedisIniter - Ready
2017-12-30 11:12:24.025 [main] INFO server - 服务器端口：7082
2017-12-30 11:12:24.033 [main] INFO RedisIniter - connect
2017-12-30 11:12:24.041 [main] INFO MongoseIniter - MongoDB open:deliverwater
2017-12-30 11:12:24.043 [main] INFO RedisIniter - Ready
2017-12-30 11:12:31.604 [main] INFO ControllerAli - createAliPrepayOrder Api Call
2017-12-30 11:12:00.854 [main] INFO ControllerAli - createAliPrepayOrder Api Call
2017-12-30 11:12:34.890 [main] INFO ControllerAli - createAliPrepayOrder Api Call
2017-12-30 11:12:00.932 [main] INFO RedisIniter - connect
2017-12-30 11:12:00.943 [main] INFO MongoseIniter - MongoDB open:deliverwater
2017-12-30 11:12:00.946 [main] INFO RedisIniter - Ready
2017-12-30 11:12:01.508 [main] INFO server - 服务器端口：7082
2017-12-30 11:12:01.515 [main] INFO RedisIniter - connect
2017-12-30 11:12:01.523 [main] INFO MongoseIniter - MongoDB open:deliverwater
2017-12-30 11:12:01.525 [main] INFO RedisIniter - Ready
2017-12-30 11:12:04.924 [main] INFO ControllerAli - createAliPrepayOrder Api Call
2017-12-30 11:12:46.715 [main] INFO ControllerAli - createAliPrepayOrder Api Call
2017-12-30 11:12:20.878 [main] INFO RedisIniter - connect
2017-12-30 11:12:20.891 [main] INFO MongoseIniter - MongoDB open:deliverwater
2017-12-30 11:12:20.895 [main] INFO RedisIniter - Ready
2017-12-30 11:12:21.449 [main] INFO server - 服务器端口：7082
2017-12-30 11:12:21.456 [main] INFO RedisIniter - connect
2017-12-30 11:12:21.464 [main] INFO MongoseIniter - MongoDB open:deliverwater
2017-12-30 11:12:21.466 [main] INFO RedisIniter - Ready
2017-12-30 11:12:23.292 [main] INFO ControllerAli - createAliPrepayOrder Api Call
2017-12-30 12:12:21.895 [main] INFO RedisIniter - connect
2017-12-30 12:12:21.906 [main] INFO MongoseIniter - MongoDB open:deliverwater
2017-12-30 12:12:21.909 [main] INFO RedisIniter - Ready
2017-12-30 12:12:22.445 [main] INFO server - 服务器端口：7082
2017-12-30 12:12:22.454 [main] INFO RedisIniter - connect
2017-12-30 12:12:22.464 [main] INFO MongoseIniter - MongoDB open:deliverwater
2017-12-30 12:12:22.466 [main] INFO RedisIniter - Ready
2017-12-30 12:12:32.020 [main] INFO ControllerAli - createAliPrepayOrder Api Call
2017-12-30 12:12:44.002 [main] INFO ControllerAli - createAliPrepayOrder Api Call
2017-12-30 12:12:26.696 [main] INFO RedisIniter - connect
2017-12-30 12:12:26.708 [main] INFO MongoseIniter - MongoDB open:deliverwater
2017-12-30 12:12:26.712 [main] INFO RedisIniter - Ready
2017-12-30 12:12:27.266 [main] INFO server - 服务器端口：7082
2017-12-30 12:12:27.276 [main] INFO RedisIniter - connect
2017-12-30 12:12:27.284 [main] INFO MongoseIniter - MongoDB open:deliverwater
2017-12-30 12:12:27.288 [main] INFO RedisIniter - Ready
2017-12-30 12:12:35.063 [main] INFO ControllerAli - createAliPrepayOrder Api Call
2017-12-30 12:12:59.118 [main] INFO RedisIniter - connect
2017-12-30 12:12:59.131 [main] INFO MongoseIniter - MongoDB open:deliverwater
2017-12-30 12:12:59.133 [main] INFO RedisIniter - Ready
2017-12-30 12:12:59.694 [main] INFO server - 服务器端口：7082
2017-12-30 12:12:59.701 [main] INFO RedisIniter - connect
2017-12-30 12:12:59.708 [main] INFO MongoseIniter - MongoDB open:deliverwater
2017-12-30 12:12:59.711 [main] INFO RedisIniter - Ready
2017-12-30 12:12:04.980 [main] INFO ControllerAli - createAliPrepayOrder Api Call
2017-12-30 12:12:12.145 [main] INFO RedisIniter - connect
2017-12-30 12:12:12.157 [main] INFO MongoseIniter - MongoDB open:deliverwater
2017-12-30 12:12:12.160 [main] INFO RedisIniter - Ready
2017-12-30 12:12:12.719 [main] INFO server - 服务器端口：7082
2017-12-30 12:12:12.725 [main] INFO RedisIniter - connect
2017-12-30 12:12:12.731 [main] INFO MongoseIniter - MongoDB open:deliverwater
2017-12-30 12:12:12.733 [main] INFO RedisIniter - Ready
2017-12-30 12:12:15.797 [main] INFO ControllerAli - createAliPrepayOrder Api Call
2017-12-30 12:12:49.944 [main] INFO RedisIniter - connect
2017-12-30 12:12:49.956 [main] INFO MongoseIniter - MongoDB open:deliverwater
2017-12-30 12:12:49.959 [main] INFO RedisIniter - Ready
2017-12-30 12:12:50.522 [main] INFO server - 服务器端口：7082
2017-12-30 12:12:50.530 [main] INFO RedisIniter - connect
2017-12-30 12:12:50.539 [main] INFO MongoseIniter - MongoDB open:deliverwater
2017-12-30 12:12:50.541 [main] INFO RedisIniter - Ready
2017-12-30 12:12:55.200 [main] INFO ControllerAli - createAliPrepayOrder Api Call
2017-12-30 12:12:06.354 [main] INFO ControllerAli - createAliPrepayOrder Api Call
2017-12-30 12:12:28.683 [main] INFO ControllerAli - createAliPrepayOrder Api Call
2017-12-30 12:12:40.357 [main] INFO ControllerAli - createAliPrepayOrder Api Call
2017-12-30 12:12:41.805 [main] INFO ControllerAli - createAliPrepayOrder Api Call
2017-12-30 12:12:07.373 [main] INFO ControllerAli - createAliPrepayOrder Api Call
